Python 3.7.7
nvcc: NVIDIA (R) Cuda compiler driver
Copyright (c) 2005-2019 NVIDIA Corporation
Built on Sun_Jul_28_19:07:16_PDT_2019
Cuda compilation tools, release 10.1, V10.1.243
torch 1.5.0
cuda True
mmdet 2.7.0
mmcv 1.2.2
coco 2.0
Running demo..
config: Config/cascade_mask_rcnn_hrnetv2p_w32_20e.py
checkpoint: /home/bouaffari/projects/CascadeTabNet-mmdet2x/Models/ICDAR.19.Track.B2.Modern.table.structure.recognition.v2.pth
Detection for image: /home/bouaffari/projects/data/ICDAR2019_cTDaR/test/TRACKB2/cTDaR_t00391.jpg
Detection for image: /home/bouaffari/projects/data/ICDAR2019_cTDaR/test/TRACKB2/cTDaR_t10091.jpg
Detection for image: /home/bouaffari/projects/data/ICDAR2019_cTDaR/test/TRACKB2/cTDaR_t00173.jpg
Detection for image: /home/bouaffari/projects/data/ICDAR2019_cTDaR/test/TRACKB2/cTDaR_t10040.jpg
Detection for image: /home/bouaffari/projects/data/ICDAR2019_cTDaR/test/TRACKB2/cTDaR_t10096.jpg
Detection for image: /home/bouaffari/projects/data/ICDAR2019_cTDaR/test/TRACKB2/cTDaR_t10047.jpg
Detection for image: /home/bouaffari/projects/data/ICDAR2019_cTDaR/test/TRACKB2/cTDaR_t00347.jpg
Detection for image: /home/bouaffari/projects/data/ICDAR2019_cTDaR/test/TRACKB2/cTDaR_t10098.jpg
Detection for image: /home/bouaffari/projects/data/ICDAR2019_cTDaR/test/TRACKB2/cTDaR_t10049.jpg
Detection for image: /home/bouaffari/projects/data/ICDAR2019_cTDaR/test/TRACKB2/cTDaR_t00349.jpg
Detection for image: /home/bouaffari/projects/data/ICDAR2019_cTDaR/test/TRACKB2/cTDaR_t10035.jpg
Detection for image: /home/bouaffari/projects/data/ICDAR2019_cTDaR/test/TRACKB2/cTDaR_t00101.jpg
Detection for image: /home/bouaffari/projects/data/ICDAR2019_cTDaR/test/TRACKB2/cTDaR_t10032.jpg
Detection for image: /home/bouaffari/projects/data/ICDAR2019_cTDaR/test/TRACKB2/cTDaR_t10007.jpg
Detection for image: /home/bouaffari/projects/data/ICDAR2019_cTDaR/test/TRACKB2/cTDaR_t00642.jpg
Detection for image: /home/bouaffari/projects/data/ICDAR2019_cTDaR/test/TRACKB2/cTDaR_t00766.jpg
Detection for image: /home/bouaffari/projects/data/ICDAR2019_cTDaR/test/TRACKB2/cTDaR_t00307.jpg
Detection for image: /home/bouaffari/projects/data/ICDAR2019_cTDaR/test/TRACKB2/cTDaR_t00803.jpg
Detection for image: /home/bouaffari/projects/data/ICDAR2019_cTDaR/test/TRACKB2/cTDaR_t00529.jpg
Detection for image: /home/bouaffari/projects/data/ICDAR2019_cTDaR/test/TRACKB2/cTDaR_t00761.jpg
Detection for image: /home/bouaffari/projects/data/ICDAR2019_cTDaR/test/TRACKB2/cTDaR_t00804.jpg
Detection for image: /home/bouaffari/projects/data/ICDAR2019_cTDaR/test/TRACKB2/cTDaR_t00017.jpg
Detection for image: /home/bouaffari/projects/data/ICDAR2019_cTDaR/test/TRACKB2/cTDaR_t10000.jpg
Detection for image: /home/bouaffari/projects/data/ICDAR2019_cTDaR/test/TRACKB2/cTDaR_t00645.jpg
Detection for image: /home/bouaffari/projects/data/ICDAR2019_cTDaR/test/TRACKB2/cTDaR_t00952.jpg
Detection for image: /home/bouaffari/projects/data/ICDAR2019_cTDaR/test/TRACKB2/cTDaR_t10072.jpg
Detection for image: /home/bouaffari/projects/data/ICDAR2019_cTDaR/test/TRACKB2/cTDaR_t00713.jpg
Detection for image: /home/bouaffari/projects/data/ICDAR2019_cTDaR/test/TRACKB2/cTDaR_t00714.jpg
Detection for image: /home/bouaffari/projects/data/ICDAR2019_cTDaR/test/TRACKB2/cTDaR_t10009.jpg
Detection for image: /home/bouaffari/projects/data/ICDAR2019_cTDaR/test/TRACKB2/cTDaR_t00768.jpg
Detection for image: /home/bouaffari/projects/data/ICDAR2019_cTDaR/test/TRACKB2/cTDaR_t00309.jpg
Detection for image: /home/bouaffari/projects/data/ICDAR2019_cTDaR/test/TRACKB2/cTDaR_t00955.jpg
Detection for image: /home/bouaffari/projects/data/ICDAR2019_cTDaR/test/TRACKB2/cTDaR_t10075.jpg
Detection for image: /home/bouaffari/projects/data/ICDAR2019_cTDaR/test/TRACKB2/cTDaR_t00197.jpg
Detection for image: /home/bouaffari/projects/data/ICDAR2019_cTDaR/test/TRACKB2/cTDaR_t10018.jpg
Detection for image: /home/bouaffari/projects/data/ICDAR2019_cTDaR/test/TRACKB2/cTDaR_t10064.jpg
Detection for image: /home/bouaffari/projects/data/ICDAR2019_cTDaR/test/TRACKB2/cTDaR_t10063.jpg
Detection for image: /home/bouaffari/projects/data/ICDAR2019_cTDaR/test/TRACKB2/cTDaR_t00531.jpg
Detection for image: /home/bouaffari/projects/data/ICDAR2019_cTDaR/test/TRACKB2/cTDaR_t00770.jpg
Detection for image: /home/bouaffari/projects/data/ICDAR2019_cTDaR/test/TRACKB2/cTDaR_t00311.jpg
Detection for image: /home/bouaffari/projects/data/ICDAR2019_cTDaR/test/TRACKB2/cTDaR_t10011.jpg
Detection for image: /home/bouaffari/projects/data/ICDAR2019_cTDaR/test/TRACKB2/cTDaR_t10016.jpg
Detection for image: /home/bouaffari/projects/data/ICDAR2019_cTDaR/test/TRACKB2/cTDaR_t10023.jpg
Detection for image: /home/bouaffari/projects/data/ICDAR2019_cTDaR/test/TRACKB2/cTDaR_t00099.jpg
Detection for image: /home/bouaffari/projects/data/ICDAR2019_cTDaR/test/TRACKB2/cTDaR_t10058.jpg
Detection for image: /home/bouaffari/projects/data/ICDAR2019_cTDaR/test/TRACKB2/cTDaR_t10089.jpg
Detection for image: /home/bouaffari/projects/data/ICDAR2019_cTDaR/test/TRACKB2/cTDaR_t00117.jpg
Detection for image: /home/bouaffari/projects/data/ICDAR2019_cTDaR/test/TRACKB2/cTDaR_t10024.jpg
Detection for image: /home/bouaffari/projects/data/ICDAR2019_cTDaR/test/TRACKB2/cTDaR_t00661.jpg
Detection for image: /home/bouaffari/projects/data/ICDAR2019_cTDaR/test/TRACKB2/cTDaR_t00389.jpg
Detection for image: /home/bouaffari/projects/data/ICDAR2019_cTDaR/test/TRACKB2/cTDaR_t10056.jpg
Detection for image: /home/bouaffari/projects/data/ICDAR2019_cTDaR/test/TRACKB2/cTDaR_t10087.jpg
Detection for image: /home/bouaffari/projects/data/ICDAR2019_cTDaR/test/TRACKB2/cTDaR_t00119.jpg
Detection for image: /home/bouaffari/projects/data/ICDAR2019_cTDaR/test/TRACKB2/cTDaR_t00090.jpg
Detection for image: /home/bouaffari/projects/data/ICDAR2019_cTDaR/test/TRACKB2/cTDaR_t00387.jpg
Detection for image: /home/bouaffari/projects/data/ICDAR2019_cTDaR/test/TRACKB2/cTDaR_t00351.jpg
Detection for image: /home/bouaffari/projects/data/ICDAR2019_cTDaR/test/TRACKB2/cTDaR_t00097.jpg
Detection for image: /home/bouaffari/projects/data/ICDAR2019_cTDaR/test/TRACKB2/cTDaR_t10051.jpg
Detection for image: /home/bouaffari/projects/data/ICDAR2019_cTDaR/test/TRACKB2/cTDaR_t10080.jpg
Detection for image: /home/bouaffari/projects/data/ICDAR2019_cTDaR/test/TRACKB2/cTDaR_t00715.jpg
Detection for image: /home/bouaffari/projects/data/ICDAR2019_cTDaR/test/TRACKB2/cTDaR_t00402.jpg
Detection for image: /home/bouaffari/projects/data/ICDAR2019_cTDaR/test/TRACKB2/cTDaR_t10008.jpg
Detection for image: /home/bouaffari/projects/data/ICDAR2019_cTDaR/test/TRACKB2/cTDaR_t00769.jpg
Detection for image: /home/bouaffari/projects/data/ICDAR2019_cTDaR/test/TRACKB2/cTDaR_t00308.jpg
Detection for image: /home/bouaffari/projects/data/ICDAR2019_cTDaR/test/TRACKB2/cTDaR_t10074.jpg
Detection for image: /home/bouaffari/projects/data/ICDAR2019_cTDaR/test/TRACKB2/cTDaR_t00954.jpg
Detection for image: /home/bouaffari/projects/data/ICDAR2019_cTDaR/test/TRACKB2/cTDaR_t00018.jpg
Detection for image: /home/bouaffari/projects/data/ICDAR2019_cTDaR/test/TRACKB2/cTDaR_t10073.jpg
Detection for image: /home/bouaffari/projects/data/ICDAR2019_cTDaR/test/TRACKB2/cTDaR_t00953.jpg
Detection for image: /home/bouaffari/projects/data/ICDAR2019_cTDaR/test/TRACKB2/cTDaR_t00712.jpg
Detection for image: /home/bouaffari/projects/data/ICDAR2019_cTDaR/test/TRACKB2/cTDaR_t00760.jpg
Detection for image: /home/bouaffari/projects/data/ICDAR2019_cTDaR/test/TRACKB2/cTDaR_t00805.jpg
Detection for image: /home/bouaffari/projects/data/ICDAR2019_cTDaR/test/TRACKB2/cTDaR_t10001.jpg
Detection for image: /home/bouaffari/projects/data/ICDAR2019_cTDaR/test/TRACKB2/cTDaR_t00644.jpg
Detection for image: /home/bouaffari/projects/data/ICDAR2019_cTDaR/test/TRACKB2/cTDaR_t10006.jpg
Detection for image: /home/bouaffari/projects/data/ICDAR2019_cTDaR/test/TRACKB2/cTDaR_t00643.jpg
Detection for image: /home/bouaffari/projects/data/ICDAR2019_cTDaR/test/TRACKB2/cTDaR_t00767.jpg
Detection for image: /home/bouaffari/projects/data/ICDAR2019_cTDaR/test/TRACKB2/cTDaR_t00306.jpg
Detection for image: /home/bouaffari/projects/data/ICDAR2019_cTDaR/test/TRACKB2/cTDaR_t00802.jpg
Detection for image: /home/bouaffari/projects/data/ICDAR2019_cTDaR/test/TRACKB2/cTDaR_t00100.jpg
Detection for image: /home/bouaffari/projects/data/ICDAR2019_cTDaR/test/TRACKB2/cTDaR_t10033.jpg
Detection for image: /home/bouaffari/projects/data/ICDAR2019_cTDaR/test/TRACKB2/cTDaR_t10099.jpg
Detection for image: /home/bouaffari/projects/data/ICDAR2019_cTDaR/test/TRACKB2/cTDaR_t10048.jpg
Detection for image: /home/bouaffari/projects/data/ICDAR2019_cTDaR/test/TRACKB2/cTDaR_t00348.jpg
Detection for image: /home/bouaffari/projects/data/ICDAR2019_cTDaR/test/TRACKB2/cTDaR_t10034.jpg
Detection for image: /home/bouaffari/projects/data/ICDAR2019_cTDaR/test/TRACKB2/cTDaR_t10097.jpg
Detection for image: /home/bouaffari/projects/data/ICDAR2019_cTDaR/test/TRACKB2/cTDaR_t10046.jpg
Detection for image: /home/bouaffari/projects/data/ICDAR2019_cTDaR/test/TRACKB2/cTDaR_t00346.jpg
Detection for image: /home/bouaffari/projects/data/ICDAR2019_cTDaR/test/TRACKB2/cTDaR_t00390.jpg
Detection for image: /home/bouaffari/projects/data/ICDAR2019_cTDaR/test/TRACKB2/cTDaR_t10090.jpg
Detection for image: /home/bouaffari/projects/data/ICDAR2019_cTDaR/test/TRACKB2/cTDaR_t00172.jpg
Detection for image: /home/bouaffari/projects/data/ICDAR2019_cTDaR/test/TRACKB2/cTDaR_t10041.jpg
Detection for image: /home/bouaffari/projects/data/ICDAR2019_cTDaR/test/TRACKB2/cTDaR_t00350.jpg
Detection for image: /home/bouaffari/projects/data/ICDAR2019_cTDaR/test/TRACKB2/cTDaR_t00096.jpg
Detection for image: /home/bouaffari/projects/data/ICDAR2019_cTDaR/test/TRACKB2/cTDaR_t10050.jpg
Detection for image: /home/bouaffari/projects/data/ICDAR2019_cTDaR/test/TRACKB2/cTDaR_t10081.jpg
Detection for image: /home/bouaffari/projects/data/ICDAR2019_cTDaR/test/TRACKB2/cTDaR_t10057.jpg
Detection for image: /home/bouaffari/projects/data/ICDAR2019_cTDaR/test/TRACKB2/cTDaR_t10086.jpg
Detection for image: /home/bouaffari/projects/data/ICDAR2019_cTDaR/test/TRACKB2/cTDaR_t00118.jpg
Detection for image: /home/bouaffari/projects/data/ICDAR2019_cTDaR/test/TRACKB2/cTDaR_t00091.jpg
Detection for image: /home/bouaffari/projects/data/ICDAR2019_cTDaR/test/TRACKB2/cTDaR_t10059.jpg
Detection for image: /home/bouaffari/projects/data/ICDAR2019_cTDaR/test/TRACKB2/cTDaR_t10088.jpg
Detection for image: /home/bouaffari/projects/data/ICDAR2019_cTDaR/test/TRACKB2/cTDaR_t00116.jpg
Detection for image: /home/bouaffari/projects/data/ICDAR2019_cTDaR/test/TRACKB2/cTDaR_t10025.jpg
Detection for image: /home/bouaffari/projects/data/ICDAR2019_cTDaR/test/TRACKB2/cTDaR_t00388.jpg
Detection for image: /home/bouaffari/projects/data/ICDAR2019_cTDaR/test/TRACKB2/cTDaR_t10022.jpg
Detection for image: /home/bouaffari/projects/data/ICDAR2019_cTDaR/test/TRACKB2/cTDaR_t00098.jpg
Detection for image: /home/bouaffari/projects/data/ICDAR2019_cTDaR/test/TRACKB2/cTDaR_t10017.jpg
Detection for image: /home/bouaffari/projects/data/ICDAR2019_cTDaR/test/TRACKB2/cTDaR_t00814.jpg
Detection for image: /home/bouaffari/projects/data/ICDAR2019_cTDaR/test/TRACKB2/cTDaR_t00771.jpg
Detection for image: /home/bouaffari/projects/data/ICDAR2019_cTDaR/test/TRACKB2/cTDaR_t00310.jpg
Detection for image: /home/bouaffari/projects/data/ICDAR2019_cTDaR/test/TRACKB2/cTDaR_t10010.jpg
Detection for image: /home/bouaffari/projects/data/ICDAR2019_cTDaR/test/TRACKB2/cTDaR_t00530.jpg
Detection for image: /home/bouaffari/projects/data/ICDAR2019_cTDaR/test/TRACKB2/cTDaR_t10062.jpg
Detection for image: /home/bouaffari/projects/data/ICDAR2019_cTDaR/test/TRACKB2/cTDaR_t10019.jpg
Detection for image: /home/bouaffari/projects/data/ICDAR2019_cTDaR/test/TRACKB2/cTDaR_t10065.jpg
Detection for image: /home/bouaffari/projects/data/ICDAR2019_cTDaR/test/TRACKB2/cTDaR_t10054.jpg
Detection for image: /home/bouaffari/projects/data/ICDAR2019_cTDaR/test/TRACKB2/cTDaR_t00167.jpg
Detection for image: /home/bouaffari/projects/data/ICDAR2019_cTDaR/test/TRACKB2/cTDaR_t10085.jpg
Detection for image: /home/bouaffari/projects/data/ICDAR2019_cTDaR/test/TRACKB2/cTDaR_t00798.jpg
Detection for image: /home/bouaffari/projects/data/ICDAR2019_cTDaR/test/TRACKB2/cTDaR_t10028.jpg
Detection for image: /home/bouaffari/projects/data/ICDAR2019_cTDaR/test/TRACKB2/cTDaR_t00092.jpg
Detection for image: /home/bouaffari/projects/data/ICDAR2019_cTDaR/test/TRACKB2/cTDaR_t00850.jpg
Detection for image: /home/bouaffari/projects/data/ICDAR2019_cTDaR/test/TRACKB2/cTDaR_t00095.jpg
Detection for image: /home/bouaffari/projects/data/ICDAR2019_cTDaR/test/TRACKB2/cTDaR_t10053.jpg
Detection for image: /home/bouaffari/projects/data/ICDAR2019_cTDaR/test/TRACKB2/cTDaR_t10082.jpg
Detection for image: /home/bouaffari/projects/data/ICDAR2019_cTDaR/test/TRACKB2/cTDaR_t10021.jpg
Detection for image: /home/bouaffari/projects/data/ICDAR2019_cTDaR/test/TRACKB2/cTDaR_t00859.jpg
Detection for image: /home/bouaffari/projects/data/ICDAR2019_cTDaR/test/TRACKB2/cTDaR_t00169.jpg
Detection for image: /home/bouaffari/projects/data/ICDAR2019_cTDaR/test/TRACKB2/cTDaR_t10026.jpg
Detection for image: /home/bouaffari/projects/data/ICDAR2019_cTDaR/test/TRACKB2/cTDaR_t00115.jpg
Detection for image: /home/bouaffari/projects/data/ICDAR2019_cTDaR/test/TRACKB2/cTDaR_t00313.jpg
Detection for image: /home/bouaffari/projects/data/ICDAR2019_cTDaR/test/TRACKB2/cTDaR_t00772.jpg
Detection for image: /home/bouaffari/projects/data/ICDAR2019_cTDaR/test/TRACKB2/cTDaR_t10013.jpg
Detection for image: /home/bouaffari/projects/data/ICDAR2019_cTDaR/test/TRACKB2/cTDaR_t10014.jpg
Detection for image: /home/bouaffari/projects/data/ICDAR2019_cTDaR/test/TRACKB2/cTDaR_t00709.jpg
Detection for image: /home/bouaffari/projects/data/ICDAR2019_cTDaR/test/TRACKB2/cTDaR_t10068.jpg
Detection for image: /home/bouaffari/projects/data/ICDAR2019_cTDaR/test/TRACKB2/cTDaR_t00314.jpg
Detection for image: /home/bouaffari/projects/data/ICDAR2019_cTDaR/test/TRACKB2/cTDaR_t00775.jpg
Detection for image: /home/bouaffari/projects/data/ICDAR2019_cTDaR/test/TRACKB2/cTDaR_t00707.jpg
Detection for image: /home/bouaffari/projects/data/ICDAR2019_cTDaR/test/TRACKB2/cTDaR_t10066.jpg
Detection for image: /home/bouaffari/projects/data/ICDAR2019_cTDaR/test/TRACKB2/cTDaR_t10061.jpg
Detection for image: /home/bouaffari/projects/data/ICDAR2019_cTDaR/test/TRACKB2/cTDaR_t00808.jpg
Detection for image: /home/bouaffari/projects/data/ICDAR2019_cTDaR/test/TRACKB2/cTDaR_t00950.jpg
Detection for image: /home/bouaffari/projects/data/ICDAR2019_cTDaR/test/TRACKB2/cTDaR_t10070.jpg
Detection for image: /home/bouaffari/projects/data/ICDAR2019_cTDaR/test/TRACKB2/cTDaR_t00711.jpg
Detection for image: /home/bouaffari/projects/data/ICDAR2019_cTDaR/test/TRACKB2/cTDaR_t00649.jpg
Detection for image: /home/bouaffari/projects/data/ICDAR2019_cTDaR/test/TRACKB2/cTDaR_t00716.jpg
Detection for image: /home/bouaffari/projects/data/ICDAR2019_cTDaR/test/TRACKB2/cTDaR_t10077.jpg
Detection for image: /home/bouaffari/projects/data/ICDAR2019_cTDaR/test/TRACKB2/cTDaR_t10005.jpg
Detection for image: /home/bouaffari/projects/data/ICDAR2019_cTDaR/test/TRACKB2/cTDaR_t00640.jpg
Detection for image: /home/bouaffari/projects/data/ICDAR2019_cTDaR/test/TRACKB2/cTDaR_t00305.jpg
Detection for image: /home/bouaffari/projects/data/ICDAR2019_cTDaR/test/TRACKB2/cTDaR_t00764.jpg
Detection for image: /home/bouaffari/projects/data/ICDAR2019_cTDaR/test/TRACKB2/cTDaR_t00801.jpg
Detection for image: /home/bouaffari/projects/data/ICDAR2019_cTDaR/test/TRACKB2/cTDaR_t10079.jpg
Detection for image: /home/bouaffari/projects/data/ICDAR2019_cTDaR/test/TRACKB2/cTDaR_t00763.jpg
Detection for image: /home/bouaffari/projects/data/ICDAR2019_cTDaR/test/TRACKB2/cTDaR_t00806.jpg
Detection for image: /home/bouaffari/projects/data/ICDAR2019_cTDaR/test/TRACKB2/cTDaR_t10002.jpg
Detection for image: /home/bouaffari/projects/data/ICDAR2019_cTDaR/test/TRACKB2/cTDaR_t00647.jpg
Detection for image: /home/bouaffari/projects/data/ICDAR2019_cTDaR/test/TRACKB2/cTDaR_t10037.jpg
Detection for image: /home/bouaffari/projects/data/ICDAR2019_cTDaR/test/TRACKB2/cTDaR_t10030.jpg
Detection for image: /home/bouaffari/projects/data/ICDAR2019_cTDaR/test/TRACKB2/cTDaR_t00342.jpg
Detection for image: /home/bouaffari/projects/data/ICDAR2019_cTDaR/test/TRACKB2/cTDaR_t10093.jpg
Detection for image: /home/bouaffari/projects/data/ICDAR2019_cTDaR/test/TRACKB2/cTDaR_t10042.jpg
Detection for image: /home/bouaffari/projects/data/ICDAR2019_cTDaR/test/TRACKB2/cTDaR_t00171.jpg
Detection for image: /home/bouaffari/projects/data/ICDAR2019_cTDaR/test/TRACKB2/cTDaR_t10094.jpg
Detection for image: /home/bouaffari/projects/data/ICDAR2019_cTDaR/test/TRACKB2/cTDaR_t10045.jpg
Detection for image: /home/bouaffari/projects/data/ICDAR2019_cTDaR/test/TRACKB2/cTDaR_t00345.jpg
Detection for image: /home/bouaffari/projects/data/ICDAR2019_cTDaR/test/TRACKB2/cTDaR_t10039.jpg
Detection for image: /home/bouaffari/projects/data/ICDAR2019_cTDaR/test/TRACKB2/cTDaR_t10060.jpg
Detection for image: /home/bouaffari/projects/data/ICDAR2019_cTDaR/test/TRACKB2/cTDaR_t10067.jpg
Detection for image: /home/bouaffari/projects/data/ICDAR2019_cTDaR/test/TRACKB2/cTDaR_t10015.jpg
Detection for image: /home/bouaffari/projects/data/ICDAR2019_cTDaR/test/TRACKB2/cTDaR_t00708.jpg
Detection for image: /home/bouaffari/projects/data/ICDAR2019_cTDaR/test/TRACKB2/cTDaR_t10069.jpg
Detection for image: /home/bouaffari/projects/data/ICDAR2019_cTDaR/test/TRACKB2/cTDaR_t00949.jpg
Detection for image: /home/bouaffari/projects/data/ICDAR2019_cTDaR/test/TRACKB2/cTDaR_t00774.jpg
Detection for image: /home/bouaffari/projects/data/ICDAR2019_cTDaR/test/TRACKB2/cTDaR_t00312.jpg
Detection for image: /home/bouaffari/projects/data/ICDAR2019_cTDaR/test/TRACKB2/cTDaR_t00773.jpg
Detection for image: /home/bouaffari/projects/data/ICDAR2019_cTDaR/test/TRACKB2/cTDaR_t10012.jpg
Detection for image: /home/bouaffari/projects/data/ICDAR2019_cTDaR/test/TRACKB2/cTDaR_t00168.jpg
Detection for image: /home/bouaffari/projects/data/ICDAR2019_cTDaR/test/TRACKB2/cTDaR_t10027.jpg
Detection for image: /home/bouaffari/projects/data/ICDAR2019_cTDaR/test/TRACKB2/cTDaR_t10020.jpg
Detection for image: /home/bouaffari/projects/data/ICDAR2019_cTDaR/test/TRACKB2/cTDaR_t00094.jpg
Detection for image: /home/bouaffari/projects/data/ICDAR2019_cTDaR/test/TRACKB2/cTDaR_t00352.jpg
Detection for image: /home/bouaffari/projects/data/ICDAR2019_cTDaR/test/TRACKB2/cTDaR_t10052.jpg
Detection for image: /home/bouaffari/projects/data/ICDAR2019_cTDaR/test/TRACKB2/cTDaR_t10083.jpg
Detection for image: /home/bouaffari/projects/data/ICDAR2019_cTDaR/test/TRACKB2/cTDaR_t10055.jpg
Detection for image: /home/bouaffari/projects/data/ICDAR2019_cTDaR/test/TRACKB2/cTDaR_t00166.jpg
Detection for image: /home/bouaffari/projects/data/ICDAR2019_cTDaR/test/TRACKB2/cTDaR_t10084.jpg
Detection for image: /home/bouaffari/projects/data/ICDAR2019_cTDaR/test/TRACKB2/cTDaR_t00799.jpg
Detection for image: /home/bouaffari/projects/data/ICDAR2019_cTDaR/test/TRACKB2/cTDaR_t10029.jpg
Detection for image: /home/bouaffari/projects/data/ICDAR2019_cTDaR/test/TRACKB2/cTDaR_t00093.jpg
Detection for image: /home/bouaffari/projects/data/ICDAR2019_cTDaR/test/TRACKB2/cTDaR_t00759.jpg
Detection for image: /home/bouaffari/projects/data/ICDAR2019_cTDaR/test/TRACKB2/cTDaR_t10095.jpg
Detection for image: /home/bouaffari/projects/data/ICDAR2019_cTDaR/test/TRACKB2/cTDaR_t10044.jpg
Detection for image: /home/bouaffari/projects/data/ICDAR2019_cTDaR/test/TRACKB2/cTDaR_t00344.jpg
Detection for image: /home/bouaffari/projects/data/ICDAR2019_cTDaR/test/TRACKB2/cTDaR_t10038.jpg
Detection for image: /home/bouaffari/projects/data/ICDAR2019_cTDaR/test/TRACKB2/cTDaR_t00343.jpg
Detection for image: /home/bouaffari/projects/data/ICDAR2019_cTDaR/test/TRACKB2/cTDaR_t10092.jpg
Detection for image: /home/bouaffari/projects/data/ICDAR2019_cTDaR/test/TRACKB2/cTDaR_t10043.jpg
Detection for image: /home/bouaffari/projects/data/ICDAR2019_cTDaR/test/TRACKB2/cTDaR_t00170.jpg
Detection for image: /home/bouaffari/projects/data/ICDAR2019_cTDaR/test/TRACKB2/cTDaR_t10031.jpg
Detection for image: /home/bouaffari/projects/data/ICDAR2019_cTDaR/test/TRACKB2/cTDaR_t00447.jpg
Detection for image: /home/bouaffari/projects/data/ICDAR2019_cTDaR/test/TRACKB2/cTDaR_t10036.jpg
Detection for image: /home/bouaffari/projects/data/ICDAR2019_cTDaR/test/TRACKB2/cTDaR_t00303.jpg
Detection for image: /home/bouaffari/projects/data/ICDAR2019_cTDaR/test/TRACKB2/cTDaR_t00762.jpg
Detection for image: /home/bouaffari/projects/data/ICDAR2019_cTDaR/test/TRACKB2/cTDaR_t00807.jpg
Detection for image: /home/bouaffari/projects/data/ICDAR2019_cTDaR/test/TRACKB2/cTDaR_t10003.jpg
Detection for image: /home/bouaffari/projects/data/ICDAR2019_cTDaR/test/TRACKB2/cTDaR_t00646.jpg
Detection for image: /home/bouaffari/projects/data/ICDAR2019_cTDaR/test/TRACKB2/cTDaR_t10004.jpg
Detection for image: /home/bouaffari/projects/data/ICDAR2019_cTDaR/test/TRACKB2/cTDaR_t00641.jpg
Detection for image: /home/bouaffari/projects/data/ICDAR2019_cTDaR/test/TRACKB2/cTDaR_t00304.jpg
Detection for image: /home/bouaffari/projects/data/ICDAR2019_cTDaR/test/TRACKB2/cTDaR_t00765.jpg
Detection for image: /home/bouaffari/projects/data/ICDAR2019_cTDaR/test/TRACKB2/cTDaR_t00800.jpg
Detection for image: /home/bouaffari/projects/data/ICDAR2019_cTDaR/test/TRACKB2/cTDaR_t10078.jpg
Detection for image: /home/bouaffari/projects/data/ICDAR2019_cTDaR/test/TRACKB2/cTDaR_t10076.jpg
Detection for image: /home/bouaffari/projects/data/ICDAR2019_cTDaR/test/TRACKB2/cTDaR_t00809.jpg
Detection for image: /home/bouaffari/projects/data/ICDAR2019_cTDaR/test/TRACKB2/cTDaR_t10071.jpg
Detection for image: /home/bouaffari/projects/data/ICDAR2019_cTDaR/test/TRACKB2/cTDaR_t00951.jpg
Detection for image: /home/bouaffari/projects/data/ICDAR2019_cTDaR/test/TRACKB2/cTDaR_t00710.jpg
Detection for image: /home/bouaffari/projects/data/ICDAR2019_cTDaR/test/TRACKB2/cTDaR_t00648.jpg
/opt/conda/lib/python3.7/site-packages/torch/nn/functional.py:2973: UserWarning: Default upsampling behavior when mode=bilinear is changed to align_corners=False since 0.4.0. Please specify align_corners=True if the old behavior is desired. See the documentation of nn.Upsample for details.
  "See the documentation of nn.Upsample for details.".format(mode))
/mmdetection/mmdet/apis/inference.py:183: RuntimeWarning: More than 20 figures have been opened. Figures created through the pyplot interface (`matplotlib.pyplot.figure`) are retained until explicitly closed and may consume too much memory. (To control this warning, see the rcParam `figure.max_open_warning`).
  plt.figure(figsize=fig_size)
